<?xml version="1.0" encoding="UTF-8"?>
<testng-results skipped="0" failed="0" ignored="0" total="1" passed="1">
  <reporter-output>
  </reporter-output>
  <suite name="Default suite" duration-ms="104" started-at="2018-05-20T10:21:23Z" finished-at="2018-05-20T10:21:23Z">
    <groups>
    </groups>
    <test name="Default test" duration-ms="104" started-at="2018-05-20T10:21:23Z" finished-at="2018-05-20T10:21:23Z">
      <class name="gitpak.gitc">
        <test-method status="PASS" signature="display()[pri:0, instance:gitpak.gitc@2d45ba]" name="display" duration-ms="55" started-at="2018-05-20T10:21:23Z" finished-at="2018-05-20T10:21:23Z">
          <reporter-output>
          </reporter-output>
        </test-method> <!-- display -->
      </class> <!-- gitpak.gitc -->
    </test> <!-- Default test -->
  </suite> <!-- Default suite -->
</testng-results>
